<?xml version="1.0" encoding="UTF-8"?>
<!-- Generated by org.testng.reporters.JUnitXMLReporter -->
<testsuite ignored="1" hostname="DESKTOP-G3L0C0N" failures="1" tests="5" name="The Movie Database" time="34.326" errors="0" timestamp="2023-03-03T15:43:57 COT">
  <testcase classname="Runner" name="successfulLoginTest" time="1.676"/>
  <testcase classname="Runner" name="successfulSearchTest" time="0.905">
    <failure type="java.lang.AssertionError" message="The movie title is not correct
Expected: &amp;quot;Fight Club.&amp;quot;
     but: was &amp;quot;Fight Club&amp;quot;">
      <![CDATA[java.lang.AssertionError: The movie title is not correct
Expected: "Fight Club."
     but: was "Fight Club"
at org.hamcrest.MatcherAssert.assertThat(MatcherAssert.java:20)
at Runner.successfulSearchTest(Runner.java:66)
at java.base/java.util.ArrayList.forEach(ArrayList.java:1511)
... Removed 31 stack frames]]>
    </failure>
  </testcase> <!-- successfulSearchTest -->
  <testcase classname="Runner" name="validateActingTimeline" time="1.584"/>
  <testcase classname="Runner" name="validateDatesByAscendingOrder" time="2.208"/>
  <testcase classname="Runner" name="verifyMovieGenreFilter" time="3.584"/>
  <testcase classname="Runner" name="unsuccessfulLoginTest" time="0.0">
    <ignored/>
  </testcase> <!-- unsuccessfulLoginTest -->
</testsuite> <!-- The Movie Database -->
