<?xml version="1.0" encoding="UTF-8"?>
<testng-results ignored="1" total="6" passed="5" failed="0" skipped="0">
  <reporter-output>
  </reporter-output>
  <suite started-at="2023-03-03T16:36:17 COT" name="GUI-challenge" finished-at="2023-03-03T16:36:54 COT" duration-ms="36598">
    <groups>
    </groups>
    <test started-at="2023-03-03T16:36:17 COT" name="The Movie Database" finished-at="2023-03-03T16:36:54 COT" duration-ms="36598">
      <class name="Runner">
        <test-method is-config="true" signature="chooseBrowser()[pri:0, instance:Runner@87abc48]" started-at="2023-03-03T16:36:18 COT" name="chooseBrowser" finished-at="2023-03-03T16:36:18 COT" duration-ms="35" status="PASS">
          <reporter-output>
          </reporter-output>
        </test-method> <!-- chooseBrowser -->
        <test-method is-config="true" signature="setUp()[pri:0, instance:Runner@87abc48]" started-at="2023-03-03T16:36:18 COT" name="setUp" finished-at="2023-03-03T16:36:25 COT" duration-ms="7336" status="PASS">
          <reporter-output>
          </reporter-output>
        </test-method> <!-- setUp -->
        <test-method signature="successfulLoginTest()[pri:0, instance:Runner@87abc48]" started-at="2023-03-03T16:36:25 COT" name="successfulLoginTest" finished-at="2023-03-03T16:36:27 COT" duration-ms="1883" status="PASS">
          <reporter-output>
          </reporter-output>
        </test-method> <!-- successfulLoginTest -->
        <test-method is-config="true" signature="tearDown()[pri:0, instance:Runner@87abc48]" started-at="2023-03-03T16:36:27 COT" name="tearDown" finished-at="2023-03-03T16:36:27 COT" duration-ms="212" status="PASS">
          <reporter-output>
          </reporter-output>
        </test-method> <!-- tearDown -->
        <test-method is-config="true" signature="setUp()[pri:0, instance:Runner@87abc48]" started-at="2023-03-03T16:36:27 COT" name="setUp" finished-at="2023-03-03T16:36:31 COT" duration-ms="3471" status="PASS">
          <reporter-output>
          </reporter-output>
        </test-method> <!-- setUp -->
        <test-method signature="successfulSearchTest()[pri:0, instance:Runner@87abc48]" started-at="2023-03-03T16:36:31 COT" name="successfulSearchTest" finished-at="2023-03-03T16:36:32 COT" duration-ms="801" status="PASS">
          <reporter-output>
          </reporter-output>
        </test-method> <!-- successfulSearchTest -->
        <test-method is-config="true" signature="tearDown()[pri:0, instance:Runner@87abc48]" started-at="2023-03-03T16:36:32 COT" name="tearDown" finished-at="2023-03-03T16:36:32 COT" duration-ms="154" status="PASS">
          <reporter-output>
          </reporter-output>
        </test-method> <!-- tearDown -->
        <test-method is-config="true" signature="setUp()[pri:0, instance:Runner@87abc48]" started-at="2023-03-03T16:36:32 COT" name="setUp" finished-at="2023-03-03T16:36:35 COT" duration-ms="3448" status="PASS">
          <reporter-output>
          </reporter-output>
        </test-method> <!-- setUp -->
        <test-method signature="validateActingTimeline()[pri:0, instance:Runner@87abc48]" started-at="2023-03-03T16:36:35 COT" name="validateActingTimeline" finished-at="2023-03-03T16:36:40 COT" duration-ms="4466" status="PASS">
          <reporter-output>
          </reporter-output>
        </test-method> <!-- validateActingTimeline -->
        <test-method is-config="true" signature="tearDown()[pri:0, instance:Runner@87abc48]" started-at="2023-03-03T16:36:40 COT" name="tearDown" finished-at="2023-03-03T16:36:40 COT" duration-ms="158" status="PASS">
          <reporter-output>
          </reporter-output>
        </test-method> <!-- tearDown -->
        <test-method is-config="true" signature="setUp()[pri:0, instance:Runner@87abc48]" started-at="2023-03-03T16:36:40 COT" name="setUp" finished-at="2023-03-03T16:36:43 COT" duration-ms="3548" status="PASS">
          <reporter-output>
          </reporter-output>
        </test-method> <!-- setUp -->
        <test-method signature="validateDatesByAscendingOrder()[pri:0, instance:Runner@87abc48]" started-at="2023-03-03T16:36:43 COT" name="validateDatesByAscendingOrder" finished-at="2023-03-03T16:36:46 COT" duration-ms="2710" status="PASS">
          <reporter-output>
          </reporter-output>
        </test-method> <!-- validateDatesByAscendingOrder -->
        <test-method is-config="true" signature="tearDown()[pri:0, instance:Runner@87abc48]" started-at="2023-03-03T16:36:46 COT" name="tearDown" finished-at="2023-03-03T16:36:46 COT" duration-ms="205" status="PASS">
          <reporter-output>
          </reporter-output>
        </test-method> <!-- tearDown -->
        <test-method is-config="true" signature="setUp()[pri:0, instance:Runner@87abc48]" started-at="2023-03-03T16:36:46 COT" name="setUp" finished-at="2023-03-03T16:36:50 COT" duration-ms="3818" status="PASS">
          <reporter-output>
          </reporter-output>
        </test-method> <!-- setUp -->
        <test-method signature="verifyMovieGenreFilter()[pri:0, instance:Runner@87abc48]" started-at="2023-03-03T16:36:50 COT" name="verifyMovieGenreFilter" finished-at="2023-03-03T16:36:54 COT" duration-ms="3706" status="PASS">
          <reporter-output>
          </reporter-output>
        </test-method> <!-- verifyMovieGenreFilter -->
        <test-method is-config="true" signature="tearDown()[pri:0, instance:Runner@87abc48]" started-at="2023-03-03T16:36:54 COT" name="tearDown" finished-at="2023-03-03T16:36:54 COT" duration-ms="219" status="PASS">
          <reporter-output>
          </reporter-output>
        </test-method> <!-- tearDown -->
      </class> <!-- Runner -->
    </test> <!-- The Movie Database -->
  </suite> <!-- GUI-challenge -->
</testng-results>
